<?xml version="1.0" encoding="utf-8"?><testsuites name="pytest tests"><testsuite name="pytest" errors="0" failures="1" skipped="0" tests="28" time="4.436" timestamp="2026-06-11T15:18:11.735472+00:00" hostname="agent-env-6a9affa6-5f20-4133-83c8-8b2ac76d6103"><testcase classname="backend.tests.test_rsc_v2.TestRoleMigration" name="test_no_manager_role_remains" time="0.707" /><testcase classname="backend.tests.test_rsc_v2.TestRoleMigration" name="test_register_manager_role_rejected" time="0.049" /><testcase classname="backend.tests.test_rsc_v2.TestRoleMigration" name="test_register_supervisor_role_ok" time="0.269" /><testcase classname="backend.tests.test_rsc_v2.TestEmployees" name="test_create_list_update_delete" time="0.851" /><testcase classname="backend.tests.test_rsc_v2.TestEmployees" name="test_staff_cannot_create_employee" time="0.678" /><testcase classname="backend.tests.test_rsc_v2.TestCatalogPricesQR" name="test_admin_sees_buying_price" time="0.106" /><testcase classname="backend.tests.test_rsc_v2.TestCatalogPricesQR" name="test_supervisor_no_buying_price" time="0.048" /><testcase classname="backend.tests.test_rsc_v2.TestCatalogPricesQR" name="test_staff_no_buying_price_list" time="0.043" /><testcase classname="backend.tests.test_rsc_v2.TestCatalogPricesQR" name="test_qr_svg_returns_when_present" time="0.050" /><testcase classname="backend.tests.test_rsc_v2.TestCatalogPricesQR" name="test_qr_svg_404_when_empty" time="0.091" /><testcase classname="backend.tests.test_rsc_v2.TestCatalogPricesQR" name="test_supervisor_cannot_update_catalog" time="0.050" /><testcase classname="backend.tests.test_rsc_v2.TestCatalogPricesQR" name="test_staff_cannot_update_catalog" time="0.045" /><testcase classname="backend.tests.test_rsc_v2.TestBulkImport" name="test_template_download" time="0.094" /><testcase classname="backend.tests.test_rsc_v2.TestBulkImport" name="test_import_valid_rows" time="0.176" /><testcase classname="backend.tests.test_rsc_v2.TestBulkImport" name="test_staff_cannot_import" time="0.096" /><testcase classname="backend.tests.test_rsc_v2.TestIssues" name="test_mobile_required" time="0.100" /><testcase classname="backend.tests.test_rsc_v2.TestIssues" name="test_mobile_invalid_chars" time="0.095" /><testcase classname="backend.tests.test_rsc_v2.TestIssues" name="test_mobile_valid_creates" time="0.098" /><testcase classname="backend.tests.test_rsc_v2.TestIssues" name="test_overdue_filter" time="0.047" /><testcase classname="backend.tests.test_rsc_v2.TestReturnsRBAC" name="test_staff_blocked_post_return" time="0.044" /><testcase classname="backend.tests.test_rsc_v2.TestReturnsRBAC" name="test_staff_blocked_list_returns" time="0.043" /><testcase classname="backend.tests.test_rsc_v2.TestReturnsRBAC" name="test_supervisor_can_list" time="0.052" /><testcase classname="backend.tests.test_rsc_v2.TestScanQR" name="test_scan_by_qr_value" time="0.051" /><testcase classname="backend.tests.test_rsc_v2.TestScanQR" name="test_scan_by_qr_supervisor_no_buying" time="0.044" /><testcase classname="backend.tests.test_rsc_v2.TestDashboard" name="test_stats_contains_widgets" time="0.053" /><testcase classname="backend.tests.test_rsc_v2.TestUsersACL" name="test_supervisor_blocked_list_users" time="0.046" /><testcase classname="backend.tests.test_rsc_v2.TestUsersACL" name="test_admin_can_list_users" time="0.044" /><testcase classname="backend.tests.test_rsc_v2.TestAudit" name="test_audit_has_recent_actions" time="0.052"><failure message="AssertionError: assert 'record_affected' in {'action': 'catalog_issued', 'created_at': '2026-06-11T14:49:50.003761+00:00', 'description': 'Catalog da issued to inc', 'id': '6a2acb0e8f0acf53f791a76f', ...}">backend/tests/test_rsc_v2.py:329: in test_audit_has_recent_actions
    assert "record_affected" in e
E   AssertionError: assert 'record_affected' in {'action': 'catalog_issued', 'created_at': '2026-06-11T14:49:50.003761+00:00', 'description': 'Catalog da issued to inc', 'id': '6a2acb0e8f0acf53f791a76f', ...}</failure></testcase></testsuite></testsuites>