<?xml version="1.0" encoding="utf-8"?><testsuites name="pytest tests"><testsuite name="pytest" errors="0" failures="0" skipped="0" tests="24" time="5.845" timestamp="2026-06-17T09:37:39.819000+00:00" hostname="agent-env-6a9affa6-5f20-4133-83c8-8b2ac76d6103"><testcase classname="backend.tests.test_rsc_v2_1.TestAuthUsername" name="test_login_by_username" time="0.534" /><testcase classname="backend.tests.test_rsc_v2_1.TestAuthUsername" name="test_login_by_email_fallback" time="0.326" /><testcase classname="backend.tests.test_rsc_v2_1.TestAuthUsername" name="test_login_wrong_password" time="0.326" /><testcase classname="backend.tests.test_rsc_v2_1.TestAuthUsername" name="test_register_with_username" time="0.963" /><testcase classname="backend.tests.test_rsc_v2_1.TestAuthUsername" name="test_register_duplicate_username_400" time="0.059" /><testcase classname="backend.tests.test_rsc_v2_1.TestCatalogsV21" name="test_total_catalogs_around_1316" time="0.050" /><testcase classname="backend.tests.test_rsc_v2_1.TestCatalogsV21" name="test_search_by_name" time="0.054" /><testcase classname="backend.tests.test_rsc_v2_1.TestCatalogsV21" name="test_search_by_cat_no" time="0.271" /><testcase classname="backend.tests.test_rsc_v2_1.TestCatalogsV21" name="test_catalog_item_includes_v21_fields" time="0.050" /><testcase classname="backend.tests.test_rsc_v2_1.TestCatalogsV21" name="test_suppliers_count" time="0.082" /><testcase classname="backend.tests.test_rsc_v2_1.TestCatalogsV21" name="test_staff_no_buying_price" time="0.947" /><testcase classname="backend.tests.test_rsc_v2_1.TestCatalogsV21" name="test_admin_has_buying_price" time="0.047" /><testcase classname="backend.tests.test_rsc_v2_1.TestCatalogsV21" name="test_patch_rbac" time="0.531" /><testcase classname="backend.tests.test_rsc_v2_1.TestReturnsCriticalFix" name="test_issue_then_return_then_reissue_with_txn" time="0.431" /><testcase classname="backend.tests.test_rsc_v2_1.TestReturnsCriticalFix" name="test_staff_blocked_post_return" time="0.041" /><testcase classname="backend.tests.test_rsc_v2_1.TestReturnsCriticalFix" name="test_supervisor_can_post_return" time="0.176" /><testcase classname="backend.tests.test_rsc_v2_1.TestIssuesList" name="test_issue_fields_present" time="0.049" /><testcase classname="backend.tests.test_rsc_v2_1.TestDashboard" name="test_stats_keys" time="0.059" /><testcase classname="backend.tests.test_rsc_v2_1.TestReports" name="test_issues_csv" time="0.049" /><testcase classname="backend.tests.test_rsc_v2_1.TestReports" name="test_issues_xlsx" time="0.050" /><testcase classname="backend.tests.test_rsc_v2_1.TestReports" name="test_issues_pdf" time="0.397" /><testcase classname="backend.tests.test_rsc_v2_1.TestReports" name="test_employee_wise" time="0.046" /><testcase classname="backend.tests.test_rsc_v2_1.TestScans" name="test_scan_existing_code" time="0.051" /><testcase classname="backend.tests.test_rsc_v2_1.TestScans" name="test_scan_nonexistent_code" time="0.050" /></testsuite></testsuites>