<?xml version="1.0" encoding="utf-8"?><testsuites name="pytest tests"><testsuite name="pytest" errors="0" failures="0" skipped="0" tests="34" time="6.697" timestamp="2026-06-11T13:30:44.723862+00:00" hostname="agent-env-6a9affa6-5f20-4133-83c8-8b2ac76d6103"><testcase classname="backend.tests.test_fabric_catalog.TestAuth" name="test_login_and_me" time="0.514" /><testcase classname="backend.tests.test_fabric_catalog.TestAuth" name="test_me_unauthenticated" time="0.112" /><testcase classname="backend.tests.test_fabric_catalog.TestAuth" name="test_invalid_login" time="0.108" /><testcase classname="backend.tests.test_fabric_catalog.TestDashboard" name="test_stats" time="0.057" /><testcase classname="backend.tests.test_fabric_catalog.TestDashboard" name="test_charts" time="0.055" /><testcase classname="backend.tests.test_fabric_catalog.TestCategoriesSuppliers" name="test_create_category" time="0.058" /><testcase classname="backend.tests.test_fabric_catalog.TestCategoriesSuppliers" name="test_list_category" time="0.049" /><testcase classname="backend.tests.test_fabric_catalog.TestCategoriesSuppliers" name="test_create_supplier" time="0.072" /><testcase classname="backend.tests.test_fabric_catalog.TestCatalogs" name="test_create_catalog" time="0.104" /><testcase classname="backend.tests.test_fabric_catalog.TestCatalogs" name="test_get_catalog" time="0.050" /><testcase classname="backend.tests.test_fabric_catalog.TestCatalogs" name="test_barcode_svg" time="0.050" /><testcase classname="backend.tests.test_fabric_catalog.TestCatalogs" name="test_qr_svg" time="0.060" /><testcase classname="backend.tests.test_fabric_catalog.TestCatalogs" name="test_history_empty" time="0.050" /><testcase classname="backend.tests.test_fabric_catalog.TestIssuesReturns" name="test_issue" time="0.098" /><testcase classname="backend.tests.test_fabric_catalog.TestIssuesReturns" name="test_list_issues_enriched" time="0.050" /><testcase classname="backend.tests.test_fabric_catalog.TestIssuesReturns" name="test_return" time="0.101" /><testcase classname="backend.tests.test_fabric_catalog.TestIssuesReturns" name="test_dashboard_after_return" time="0.056" /><testcase classname="backend.tests.test_fabric_catalog.TestScans" name="test_scan_by_barcode" time="0.052" /><testcase classname="backend.tests.test_fabric_catalog.TestScans" name="test_scan_unknown" time="0.050" /><testcase classname="backend.tests.test_fabric_catalog.TestReports" name="test_csv" time="0.053" /><testcase classname="backend.tests.test_fabric_catalog.TestReports" name="test_xlsx" time="0.061" /><testcase classname="backend.tests.test_fabric_catalog.TestReports" name="test_pdf" time="0.070" /><testcase classname="backend.tests.test_fabric_catalog.TestArchive" name="test_archive_catalog" time="0.100" /><testcase classname="backend.tests.test_fabric_catalog.TestArchive" name="test_restore_catalog" time="0.104" /><testcase classname="backend.tests.test_fabric_catalog.TestArchive" name="test_archive_restore_category" time="0.211" /><testcase classname="backend.tests.test_fabric_catalog.TestAuditLogs" name="test_audit_logs" time="0.057" /><testcase classname="backend.tests.test_fabric_catalog.TestUsersRBAC" name="test_create_manager" time="0.326" /><testcase classname="backend.tests.test_fabric_catalog.TestUsersRBAC" name="test_list_users_admin" time="0.046" /><testcase classname="backend.tests.test_fabric_catalog.TestUsersRBAC" name="test_toggle_is_active" time="0.098" /><testcase classname="backend.tests.test_fabric_catalog.TestUsersRBAC" name="test_manager_rbac" time="0.433" /><testcase classname="backend.tests.test_fabric_catalog.TestUsersRBAC" name="test_manager_change_password_and_relogin" time="1.205" /><testcase classname="backend.tests.test_fabric_catalog.TestForgotReset" name="test_forgot_then_reset" time="1.173" /><testcase classname="backend.tests.test_fabric_catalog.TestBruteForce" name="test_lockout_after_5_failures" time="0.753" /><testcase classname="backend.tests.test_fabric_catalog.TestBruteForce" name="test_cleanup_lockouts" time="0.104" /></testsuite></testsuites>