<?xml version="1.0" encoding="utf-8"?><testsuites name="pytest tests"><testsuite name="pytest" errors="0" failures="3" skipped="0" tests="34" time="6.332" timestamp="2026-06-11T13:24:35.696669+00:00" hostname="agent-env-6a9affa6-5f20-4133-83c8-8b2ac76d6103"><testcase classname="backend.tests.test_fabric_catalog.TestAuth" name="test_login_and_me" time="0.511" /><testcase classname="backend.tests.test_fabric_catalog.TestAuth" name="test_me_unauthenticated" time="0.120" /><testcase classname="backend.tests.test_fabric_catalog.TestAuth" name="test_invalid_login" time="0.170" /><testcase classname="backend.tests.test_fabric_catalog.TestDashboard" name="test_stats" time="0.054" /><testcase classname="backend.tests.test_fabric_catalog.TestDashboard" name="test_charts" time="0.057" /><testcase classname="backend.tests.test_fabric_catalog.TestCategoriesSuppliers" name="test_create_category" time="0.149" /><testcase classname="backend.tests.test_fabric_catalog.TestCategoriesSuppliers" name="test_list_category" time="0.047" /><testcase classname="backend.tests.test_fabric_catalog.TestCategoriesSuppliers" name="test_create_supplier" time="0.113" /><testcase classname="backend.tests.test_fabric_catalog.TestCatalogs" name="test_create_catalog" time="0.094" /><testcase classname="backend.tests.test_fabric_catalog.TestCatalogs" name="test_get_catalog" time="0.050" /><testcase classname="backend.tests.test_fabric_catalog.TestCatalogs" name="test_barcode_svg" time="0.062" /><testcase classname="backend.tests.test_fabric_catalog.TestCatalogs" name="test_qr_svg" time="0.058" /><testcase classname="backend.tests.test_fabric_catalog.TestCatalogs" name="test_history_empty" time="0.050" /><testcase classname="backend.tests.test_fabric_catalog.TestIssuesReturns" name="test_issue" time="0.112" /><testcase classname="backend.tests.test_fabric_catalog.TestIssuesReturns" name="test_list_issues_enriched" time="0.049" /><testcase classname="backend.tests.test_fabric_catalog.TestIssuesReturns" name="test_return" time="0.107" /><testcase classname="backend.tests.test_fabric_catalog.TestIssuesReturns" name="test_dashboard_after_return" time="0.052" /><testcase classname="backend.tests.test_fabric_catalog.TestScans" name="test_scan_by_barcode" time="0.048"><failure message="AssertionError: Internal Server Error&#10;assert 500 == 200&#10; +  where 500 = &lt;Response [500]&gt;.status_code">backend/tests/test_fabric_catalog.py:210: in test_scan_by_barcode
    assert r.status_code == 200, r.text
E   AssertionError: Internal Server Error
E   assert 500 == 200
E    +  where 500 = &lt;Response [500]&gt;.status_code</failure></testcase><testcase classname="backend.tests.test_fabric_catalog.TestScans" name="test_scan_unknown" time="0.048" /><testcase classname="backend.tests.test_fabric_catalog.TestReports" name="test_csv" time="0.050" /><testcase classname="backend.tests.test_fabric_catalog.TestReports" name="test_xlsx" time="0.057" /><testcase classname="backend.tests.test_fabric_catalog.TestReports" name="test_pdf" time="0.053" /><testcase classname="backend.tests.test_fabric_catalog.TestArchive" name="test_archive_catalog" time="0.095" /><testcase classname="backend.tests.test_fabric_catalog.TestArchive" name="test_restore_catalog" time="0.096" /><testcase classname="backend.tests.test_fabric_catalog.TestArchive" name="test_archive_restore_category" time="0.192" /><testcase classname="backend.tests.test_fabric_catalog.TestAuditLogs" name="test_audit_logs" time="0.058" /><testcase classname="backend.tests.test_fabric_catalog.TestUsersRBAC" name="test_create_manager" time="0.321" /><testcase classname="backend.tests.test_fabric_catalog.TestUsersRBAC" name="test_list_users_admin" time="0.046" /><testcase classname="backend.tests.test_fabric_catalog.TestUsersRBAC" name="test_toggle_is_active" time="0.100" /><testcase classname="backend.tests.test_fabric_catalog.TestUsersRBAC" name="test_manager_rbac" time="0.455" /><testcase classname="backend.tests.test_fabric_catalog.TestUsersRBAC" name="test_manager_change_password_and_relogin" time="1.192" /><testcase classname="backend.tests.test_fabric_catalog.TestForgotReset" name="test_forgot_then_reset" time="0.655"><failure message="AssertionError: Internal Server Error&#10;assert 500 == 200&#10; +  where 500 = &lt;Response [500]&gt;.status_code">backend/tests/test_fabric_catalog.py:366: in test_forgot_then_reset
    assert r.status_code == 200, r.text
E   AssertionError: Internal Server Error
E   assert 500 == 200
E    +  where 500 = &lt;Response [500]&gt;.status_code</failure></testcase><testcase classname="backend.tests.test_fabric_catalog.TestBruteForce" name="test_lockout_after_5_failures" time="0.686"><failure message="AssertionError: Expected 429 lockout, got 401&#10;assert 401 == 429&#10; +  where 401 = &lt;Response [401]&gt;.status_code">backend/tests/test_fabric_catalog.py:383: in test_lockout_after_5_failures
    assert r.status_code == 429, f"Expected 429 lockout, got {r.status_code}"
E   AssertionError: Expected 429 lockout, got 401
E   assert 401 == 429
E    +  where 401 = &lt;Response [401]&gt;.status_code</failure></testcase><testcase classname="backend.tests.test_fabric_catalog.TestBruteForce" name="test_cleanup_lockouts" time="0.087" /></testsuite></testsuites>